<?xml version="1.0" encoding="UTF-8"?>
<testsuite xmlns:xsi="http://www.w3.org/2001/XMLSchema-instance" xsi:noNamespaceSchemaLocation="https://maven.apache.org/surefire/maven-surefire-plugin/xsd/surefire-test-report.xsd" name="com.javase.AppTest" time="0.034" tests="1" errors="0" skipped="0" failures="0">
  <properties>
    <property name="sun.desktop" value="windows"/>
    <property name="awt.toolkit" value="sun.awt.windows.WToolkit"/>
    <property name="file.encoding.pkg" value="sun.io"/>
    <property name="java.specification.version" value="1.8"/>
    <property name="sun.cpu.isalist" value="amd64"/>
    <property name="sun.jnu.encoding" value="GBK"/>
    <property name="java.class.path" value="D:\code\test01-javase\target\test-classes;D:\code\test01-javase\target\classes;D:\Maven\apache-maven-3.6.3-bin\repositoryMaven\junit\junit\4.11\junit-4.11.jar;D:\Maven\apache-maven-3.6.3-bin\repositoryMaven\org\hamcrest\hamcrest-core\1.3\hamcrest-core-1.3.jar;D:\Maven\apache-maven-3.6.3-bin\repositoryMaven\org\mybatis\mybatis\3.5.1\mybatis-3.5.1.jar;D:\Maven\apache-maven-3.6.3-bin\repositoryMaven\mysql\mysql-connector-java\8.0.20\mysql-connector-java-8.0.20.jar;D:\Maven\apache-maven-3.6.3-bin\repositoryMaven\com\google\protobuf\protobuf-java\3.6.1\protobuf-java-3.6.1.jar;D:\Maven\apache-maven-3.6.3-bin\repositoryMaven\com\github\pagehelper\pagehelper\5.1.10\pagehelper-5.1.10.jar;D:\Maven\apache-maven-3.6.3-bin\repositoryMaven\com\github\jsqlparser\jsqlparser\2.0\jsqlparser-2.0.jar;"/>
    <property name="java.vm.vendor" value="Oracle Corporation"/>
    <property name="sun.arch.data.model" value="64"/>
    <property name="user.variant" value=""/>
    <property name="java.vendor.url" value="http://java.oracle.com/"/>
    <property name="user.timezone" value="GMT+08:00"/>
    <property name="java.vm.specification.version" value="1.8"/>
    <property name="os.name" value="Windows 10"/>
    <property name="user.country" value="CN"/>
    <property name="sun.java.launcher" value="SUN_STANDARD"/>
    <property name="sun.boot.library.path" value="D:\Java\java\jre\bin"/>
    <property name="sun.java.command" value="C:\Users\13088\AppData\Local\Temp\surefire2837704380540079642\surefirebooter1948279265740224821.jar C:\Users\13088\AppData\Local\Temp\surefire2837704380540079642 2020-09-15T22-42-22_364-jvmRun1 surefire3463011374819059968tmp surefire_05470024713316151254tmp"/>
    <property name="surefire.test.class.path" value="D:\code\test01-javase\target\test-classes;D:\code\test01-javase\target\classes;D:\Maven\apache-maven-3.6.3-bin\repositoryMaven\junit\junit\4.11\junit-4.11.jar;D:\Maven\apache-maven-3.6.3-bin\repositoryMaven\org\hamcrest\hamcrest-core\1.3\hamcrest-core-1.3.jar;D:\Maven\apache-maven-3.6.3-bin\repositoryMaven\org\mybatis\mybatis\3.5.1\mybatis-3.5.1.jar;D:\Maven\apache-maven-3.6.3-bin\repositoryMaven\mysql\mysql-connector-java\8.0.20\mysql-connector-java-8.0.20.jar;D:\Maven\apache-maven-3.6.3-bin\repositoryMaven\com\google\protobuf\protobuf-java\3.6.1\protobuf-java-3.6.1.jar;D:\Maven\apache-maven-3.6.3-bin\repositoryMaven\com\github\pagehelper\pagehelper\5.1.10\pagehelper-5.1.10.jar;D:\Maven\apache-maven-3.6.3-bin\repositoryMaven\com\github\jsqlparser\jsqlparser\2.0\jsqlparser-2.0.jar;"/>
    <property name="sun.cpu.endian" value="little"/>
    <property name="user.home" value="C:\Users\13088"/>
    <property name="user.language" value="zh"/>
    <property name="java.specification.vendor" value="Oracle Corporation"/>
    <property name="java.home" value="D:\Java\java\jre"/>
    <property name="basedir" value="D:\code\test01-javase"/>
    <property name="file.separator" value="\"/>
    <property name="line.separator" value="&#10;"/>
    <property name="java.vm.specification.vendor" value="Oracle Corporation"/>
    <property name="java.specification.name" value="Java Platform API Specification"/>
    <property name="java.awt.graphicsenv" value="sun.awt.Win32GraphicsEnvironment"/>
    <property name="surefire.real.class.path" value="C:\Users\13088\AppData\Local\Temp\surefire2837704380540079642\surefirebooter1948279265740224821.jar"/>
    <property name="sun.boot.class.path" value="D:\Java\java\jre\lib\resources.jar;D:\Java\java\jre\lib\rt.jar;D:\Java\java\jre\lib\sunrsasign.jar;D:\Java\java\jre\lib\jsse.jar;D:\Java\java\jre\lib\jce.jar;D:\Java\java\jre\lib\charsets.jar;D:\Java\java\jre\lib\jfr.jar;D:\Java\java\jre\classes"/>
    <property name="user.script" value=""/>
    <property name="sun.management.compiler" value="HotSpot 64-Bit Tiered Compilers"/>
    <property name="java.runtime.version" value="1.8.0_251-b08"/>
    <property name="user.name" value="13088"/>
    <property name="path.separator" value=";"/>
    <property name="os.version" value="10.0"/>
    <property name="java.endorsed.dirs" value="D:\Java\java\jre\lib\endorsed"/>
    <property name="java.runtime.name" value="Java(TM) SE Runtime Environment"/>
    <property name="file.encoding" value="GBK"/>
    <property name="java.vm.name" value="Java HotSpot(TM) 64-Bit Server VM"/>
    <property name="idea.version2020.1" value="true"/>
    <property name="localRepository" value="D:\Maven\apache-maven-3.6.3-bin\repositoryMaven"/>
    <property name="java.vendor.url.bug" value="http://bugreport.sun.com/bugreport/"/>
    <property name="java.io.tmpdir" value="C:\Users\13088\AppData\Local\Temp\"/>
    <property name="java.version" value="1.8.0_251"/>
    <property name="user.dir" value="D:\code\test01-javase"/>
    <property name="os.arch" value="amd64"/>
    <property name="java.vm.specification.name" value="Java Virtual Machine Specification"/>
    <property name="java.awt.printerjob" value="sun.awt.windows.WPrinterJob"/>
    <property name="sun.os.patch.level" value=""/>
    <property name="java.library.path" value="D:\Java\java\jre\bin;C:\WINDOWS\Sun\Java\bin;C:\WINDOWS\system32;C:\WINDOWS;%M2_HOME%\bin;C:\Program Files (x86)\Intel\iCLS Client\;C:\Program Files\Intel\iCLS Client\;C:\windows\system32;C:\windows;C:\windows\System32\Wbem;C:\windows\System32\WindowsPowerShell\v1.0\;C:\Program Files (x86)\Intel\Intel(R) Management Engine Components\DAL;C:\Program Files\Intel\Intel(R) Management Engine Components\DAL;C:\Program Files (x86)\Intel\Intel(R) Management Engine Components\IPT;C:\Program Files\Intel\Intel(R) Management Engine Components\IPT;C:\WINDOWS\system32;C:\WINDOWS;C:\WINDOWS\System32\Wbem;C:\WINDOWS\System32\WindowsPowerShell\v1.0\;C:\WINDOWS\System32\OpenSSH\;C:\Program Files (x86)\NVIDIA Corporation\PhysX\Common;C:\Program Files\NVIDIA Corporation\NVIDIA NvDLISR;D:\java\java\bin;D:\java\java\jre\bin;C:\Program Files\MySQL\MySQL Server 8.0\bin;C:\Program Files\MySQL\MySQL Shell 8.0\bin\;C:\Users\13088\AppData\Local\Microsoft\WindowsApps;;."/>
    <property name="java.vm.info" value="mixed mode"/>
    <property name="java.vendor" value="Oracle Corporation"/>
    <property name="java.vm.version" value="25.251-b08"/>
    <property name="java.ext.dirs" value="D:\Java\java\jre\lib\ext;C:\WINDOWS\Sun\Java\lib\ext"/>
    <property name="sun.io.unicode.encoding" value="UnicodeLittle"/>
    <property name="maven.repo.local" value="D:\Maven\apache-maven-3.6.3-bin\repositoryMaven"/>
    <property name="java.class.version" value="52.0"/>
  </properties>
  <testcase name="shouldAnswerWithTrue" classname="com.javase.AppTest" time="0.002"/>
</testsuite>